9.0600 	WARNING 	User requested fullscreen with size [1440  900], but screen is actually [2880, 1800]. Using actual size
10.0148 	EXP 	Created window1 = Window(allowGUI=False, allowStencil=False, args=UNKNOWN, autoLog=True, bitsMode=UNKNOWN, blendMode='avg', color=array([0., 0., 0.]), colorSpace='rgb', fullscr=<method-wrapper '__getattribute__' of attributeSetter object at 0x000001400E649EB8>, gamma=None, gammaErrorPolicy='raise', kwargs=UNKNOWN, lms=UNKNOWN, monitor=<psychopy.monitors.calibTools.Monitor object at 0x000001400F82C2B0>, multiSample=False, name='window1', numSamples=2, pos=[0.0, 0.0], screen=0, size=array([2880, 1800]), stereo=False, units='height', useFBO=True, useRetina=False, viewOri=0.0, viewPos=None, viewScale=None, waitBlanking=True, winType='pyglet')
10.0148 	EXP 	window1: recordFrameIntervals = False
10.1809 	EXP 	window1: recordFrameIntervals = True
10.3644 	EXP 	window1: recordFrameIntervals = False
10.8340 	EXP 	Created text = TextStim(__class__=<class 'psychopy.visual.text.TextStim'>, alignHoriz='center', alignVert='center', antialias=True, autoLog=True, bold=False, color='white', colorSpace='named', contrast=1.0, depth=0.0, flipHoriz=False, flipVert=False, font='Arial', fontFiles=[], height=0.05, italic=False, languageStyle='LTR', name='text', opacity=1.0, ori=0, pos=array([0., 0.]), rgb=array([255., 255., 255.]), text=str(...), units='height', win=Window(...), wrapWidth=1)
10.8469 	EXP 	Created cont_text = TextStim(__class__=<class 'psychopy.visual.text.TextStim'>, alignHoriz='center', alignVert='center', antialias=True, autoLog=True, bold=False, color='white', colorSpace='named', contrast=1.0, depth=-1.0, flipHoriz=False, flipVert=False, font='Arial', fontFiles=[], height=0.05, italic=False, languageStyle='LTR', name='cont_text', opacity=1.0, ori=0, pos=array([ 0. , -0.4]), rgb=array([255., 255., 255.]), text='Press SPACE to begin.', units='height', win=Window(...), wrapWidth=1)
10.8529 	EXP 	Created image = ImageStim(__class__=<class 'psychopy.visual.image.ImageStim'>, autoLog=True, color=array([1., 1., 1.]), colorSpace='rgb', contrast=1.0, depth=-1.0, flipHoriz=False, flipVert=False, image='sin', interpolate=True, mask=None, maskParams=None, name='image', opacity=1.0, ori=0.0, pos=array([0., 0.]), size=array([1., 1.]), texRes=128, units='height', win=Window(...))
10.8700 	EXP 	Created thx_text = TextStim(__class__=<class 'psychopy.visual.text.TextStim'>, alignHoriz='center', alignVert='center', antialias=True, autoLog=True, bold=False, color='white', colorSpace='named', contrast=1.0, depth=0.0, flipHoriz=False, flipVert=False, font='Arial', fontFiles=[], height=0.05, italic=False, languageStyle='LTR', name='thx_text', opacity=1.0, ori=0, pos=array([0., 0.]), rgb=array([255., 255., 255.]), text='Good work!\n\nYou have completed this task.', units='height', win=Window(...), wrapWidth=1)
10.8785 	EXP 	Created thx_cont = TextStim(__class__=<class 'psychopy.visual.text.TextStim'>, alignHoriz='center', alignVert='center', antialias=True, autoLog=True, bold=False, color='white', colorSpace='named', contrast=1.0, depth=-1.0, flipHoriz=False, flipVert=False, font='Arial', fontFiles=[], height=0.05, italic=False, languageStyle='LTR', name='thx_cont', opacity=1.0, ori=0, pos=array([ 0. , -0.4]), rgb=array([255., 255., 255.]), text='Press SPACE to continue.', units='height', win=Window(...), wrapWidth=1)
10.9477 	EXP 	text: autoDraw = True
10.9477 	EXP 	cont_text: autoDraw = True
15.3454 	EXP 	Imported RPM_items.xlsx as conditions, 60 conditions, 3 params
15.3457 	EXP 	Created sequence: sequential, trialTypes=60, nReps=1, seed=None
15.3459 	EXP 	New trial (rep=0, index=0): OrderedDict([('index', 0), ('image_file', 'C:\\Users\\Jordan\\Documents\\Experiment Building\\7. Raven_s Progressive Matrices\\JPG Images\\1.jpg'), ('correct', 4)])
15.4435 	DATA 	Keypress: space
15.4643 	EXP 	text: autoDraw = False
15.4643 	EXP 	cont_text: autoDraw = False
15.4643 	EXP 	image: image = 'C:\\Users\\Jordan\\Documents\\Experiment Building\\7. Raven_s Progressive Matrices\\JPG Images\\1.jpg'
15.4643 	EXP 	image: autoDraw = True
18.9186 	EXP 	New trial (rep=0, index=1): OrderedDict([('index', 1), ('image_file', 'C:\\Users\\Jordan\\Documents\\Experiment Building\\7. Raven_s Progressive Matrices\\JPG Images\\2.jpg'), ('correct', 5)])
18.9669 	DATA 	Keypress: 4
18.9809 	EXP 	image: autoDraw = False
18.9809 	EXP 	image: image = 'C:\\Users\\Jordan\\Documents\\Experiment Building\\7. Raven_s Progressive Matrices\\JPG Images\\2.jpg'
18.9809 	EXP 	image: autoDraw = True
21.0344 	EXP 	New trial (rep=0, index=2): OrderedDict([('index', 2), ('image_file', 'C:\\Users\\Jordan\\Documents\\Experiment Building\\7. Raven_s Progressive Matrices\\JPG Images\\3.jpg'), ('correct', 1)])
21.0738 	DATA 	Keypress: 3
21.0808 	EXP 	image: autoDraw = False
21.0808 	EXP 	image: image = 'C:\\Users\\Jordan\\Documents\\Experiment Building\\7. Raven_s Progressive Matrices\\JPG Images\\3.jpg'
21.0808 	EXP 	image: autoDraw = True
22.9350 	EXP 	New trial (rep=0, index=3): OrderedDict([('index', 3), ('image_file', 'C:\\Users\\Jordan\\Documents\\Experiment Building\\7. Raven_s Progressive Matrices\\JPG Images\\4.jpg'), ('correct', 2)])
22.9817 	DATA 	Keypress: 3
22.9974 	EXP 	image: autoDraw = False
22.9974 	EXP 	image: image = 'C:\\Users\\Jordan\\Documents\\Experiment Building\\7. Raven_s Progressive Matrices\\JPG Images\\4.jpg'
22.9974 	EXP 	image: autoDraw = True
25.1182 	EXP 	New trial (rep=0, index=4): OrderedDict([('index', 4), ('image_file', 'C:\\Users\\Jordan\\Documents\\Experiment Building\\7. Raven_s Progressive Matrices\\JPG Images\\5.jpg'), ('correct', 6)])
25.1700 	DATA 	Keypress: 6
25.1807 	EXP 	image: autoDraw = False
25.1807 	EXP 	image: image = 'C:\\Users\\Jordan\\Documents\\Experiment Building\\7. Raven_s Progressive Matrices\\JPG Images\\5.jpg'
25.1807 	EXP 	image: autoDraw = True
27.2015 	EXP 	New trial (rep=0, index=5): OrderedDict([('index', 5), ('image_file', 'C:\\Users\\Jordan\\Documents\\Experiment Building\\7. Raven_s Progressive Matrices\\JPG Images\\6.jpg'), ('correct', 3)])
27.2498 	DATA 	Keypress: 3
27.2640 	EXP 	image: autoDraw = False
27.2640 	EXP 	image: image = 'C:\\Users\\Jordan\\Documents\\Experiment Building\\7. Raven_s Progressive Matrices\\JPG Images\\6.jpg'
27.2640 	EXP 	image: autoDraw = True
28.4672 	DATA 	Keypress: escape
28.6202 	EXP 	window1: mouseVisible = True
