5.9692 	WARNING 	User requested fullscreen with size [1440  900], but screen is actually [2880, 1800]. Using actual size
6.8707 	EXP 	Created window1 = Window(allowGUI=False, allowStencil=False, args=UNKNOWN, autoLog=True, bitsMode=UNKNOWN, blendMode='avg', color=array([0., 0., 0.]), colorSpace='hsv', fullscr=<method-wrapper '__getattribute__' of attributeSetter object at 0x00000227069B4E48>, gamma=None, gammaErrorPolicy='raise', kwargs=UNKNOWN, lms=UNKNOWN, monitor=<psychopy.monitors.calibTools.Monitor object at 0x0000022714CE9240>, multiSample=False, name='window1', numSamples=2, pos=[0.0, 0.0], screen=0, size=array([2880, 1800]), stereo=False, units='height', useFBO=True, useRetina=False, viewOri=0.0, viewPos=None, viewScale=None, waitBlanking=True, winType='pyglet')
6.8707 	EXP 	window1: recordFrameIntervals = False
7.0369 	EXP 	window1: recordFrameIntervals = True
7.2203 	EXP 	window1: recordFrameIntervals = False
7.5536 	EXP 	Created instr_text = TextStim(__class__=<class 'psychopy.visual.text.TextStim'>, alignHoriz='center', alignVert='center', antialias=True, autoLog=True, bold=False, color='white', colorSpace='named', contrast=1.0, depth=0.0, flipHoriz=False, flipVert=False, font='Arial', fontFiles=[], height=0.05, italic=False, languageStyle='LTR', name='instr_text', opacity=1.0, ori=0, pos=array([0., 0.]), rgb=array([255., 255., 255.]), text=str(...), units='height', win=Window(...), wrapWidth=1)
7.5666 	EXP 	Created cont_text = TextStim(__class__=<class 'psychopy.visual.text.TextStim'>, alignHoriz='center', alignVert='center', antialias=True, autoLog=True, bold=False, color='white', colorSpace='named', contrast=1.0, depth=-1.0, flipHoriz=False, flipVert=False, font='Arial', fontFiles=[], height=0.05, italic=False, languageStyle='LTR', name='cont_text', opacity=1.0, ori=0, pos=array([ 0. , -0.4]), rgb=array([255., 255., 255.]), text='Press SPACE to begin.', units='height', win=Window(...), wrapWidth=1)
7.5685 	EXP 	Created RPM_image = ImageStim(__class__=<class 'psychopy.visual.image.ImageStim'>, autoLog=True, color=array([1., 1., 1.]), colorSpace='rgb', contrast=1.0, depth=0.0, flipHoriz=False, flipVert=False, image='sin', interpolate=True, mask=None, maskParams=None, name='RPM_image', opacity=1.0, ori=0.0, pos=array([0., 0.]), size=array([1., 1.]), texRes=128, units='height', win=Window(...))
7.5869 	EXP 	Created thx_text = TextStim(__class__=<class 'psychopy.visual.text.TextStim'>, alignHoriz='center', alignVert='center', antialias=True, autoLog=True, bold=False, color='white', colorSpace='named', contrast=1.0, depth=0.0, flipHoriz=False, flipVert=False, font='Arial', fontFiles=[], height=0.05, italic=False, languageStyle='LTR', name='thx_text', opacity=1.0, ori=0, pos=array([0., 0.]), rgb=array([255., 255., 255.]), text='Good work!\n\nYou have completed this task.', units='height', win=Window(...), wrapWidth=1)
7.5954 	EXP 	Created thx_cont = TextStim(__class__=<class 'psychopy.visual.text.TextStim'>, alignHoriz='center', alignVert='center', antialias=True, autoLog=True, bold=False, color='white', colorSpace='named', contrast=1.0, depth=-1.0, flipHoriz=False, flipVert=False, font='Arial', fontFiles=[], height=0.05, italic=False, languageStyle='LTR', name='thx_cont', opacity=1.0, ori=0, pos=array([ 0. , -0.4]), rgb=array([255., 255., 255.]), text='Press SPACE to continue.', units='height', win=Window(...), wrapWidth=1)
7.6701 	EXP 	instr_text: autoDraw = True
7.6701 	EXP 	cont_text: autoDraw = True
9.0080 	EXP 	Imported RPM_items.xlsx as conditions, 60 conditions, 3 params
9.0083 	EXP 	Created sequence: sequential, trialTypes=60, nReps=1, seed=None
9.0085 	EXP 	New trial (rep=0, index=0): OrderedDict([('index', 0), ('image_file', 'C:\\Users\\Jordan\\Documents\\Experiment Building\\7. Raven_s Progressive Matrices\\JPG Images\\1.jpg'), ('correct', 4)])
9.0286 	DATA 	Keypress: space
9.0367 	EXP 	instr_text: autoDraw = False
9.0367 	EXP 	cont_text: autoDraw = False
9.0367 	EXP 	RPM_image: image = 'C:\\Users\\Jordan\\Documents\\Experiment Building\\7. Raven_s Progressive Matrices\\JPG Images\\1.jpg'
9.0367 	EXP 	RPM_image: autoDraw = True
11.0573 	EXP 	New trial (rep=0, index=1): OrderedDict([('index', 1), ('image_file', 'C:\\Users\\Jordan\\Documents\\Experiment Building\\7. Raven_s Progressive Matrices\\JPG Images\\2.jpg'), ('correct', 5)])
11.1019 	DATA 	Keypress: 2
11.1200 	EXP 	RPM_image: autoDraw = False
11.1200 	EXP 	RPM_image: image = 'C:\\Users\\Jordan\\Documents\\Experiment Building\\7. Raven_s Progressive Matrices\\JPG Images\\2.jpg'
11.1200 	EXP 	RPM_image: autoDraw = True
12.7243 	EXP 	New trial (rep=0, index=2): OrderedDict([('index', 2), ('image_file', 'C:\\Users\\Jordan\\Documents\\Experiment Building\\7. Raven_s Progressive Matrices\\JPG Images\\3.jpg'), ('correct', 1)])
12.7696 	DATA 	Keypress: 3
12.7868 	EXP 	RPM_image: autoDraw = False
12.7868 	EXP 	RPM_image: image = 'C:\\Users\\Jordan\\Documents\\Experiment Building\\7. Raven_s Progressive Matrices\\JPG Images\\3.jpg'
12.7868 	EXP 	RPM_image: autoDraw = True
13.7081 	DATA 	Keypress: 1
13.7243 	EXP 	New trial (rep=0, index=3): OrderedDict([('index', 3), ('image_file', 'C:\\Users\\Jordan\\Documents\\Experiment Building\\7. Raven_s Progressive Matrices\\JPG Images\\4.jpg'), ('correct', 2)])
13.7867 	EXP 	RPM_image: autoDraw = False
13.7867 	EXP 	RPM_image: image = 'C:\\Users\\Jordan\\Documents\\Experiment Building\\7. Raven_s Progressive Matrices\\JPG Images\\4.jpg'
13.7867 	EXP 	RPM_image: autoDraw = True
14.4071 	DATA 	Keypress: escape
14.6090 	EXP 	window1: mouseVisible = True
