5.2896 	WARNING 	User requested fullscreen with size [1440  900], but screen is actually [2880, 1800]. Using actual size
6.3040 	EXP 	Created window1 = Window(allowGUI=False, allowStencil=False, args=UNKNOWN, autoLog=True, bitsMode=UNKNOWN, blendMode='avg', color=array([0., 0., 0.]), colorSpace='rgb', fullscr=<method-wrapper '__getattribute__' of attributeSetter object at 0x0000018E281FBEB8>, gamma=None, gammaErrorPolicy='raise', kwargs=UNKNOWN, lms=UNKNOWN, monitor=<psychopy.monitors.calibTools.Monitor object at 0x0000018E3647D2B0>, multiSample=False, name='window1', numSamples=2, pos=[0.0, 0.0], screen=0, size=array([2880, 1800]), stereo=False, units='height', useFBO=True, useRetina=False, viewOri=0.0, viewPos=None, viewScale=None, waitBlanking=True, winType='pyglet')
6.3040 	EXP 	window1: recordFrameIntervals = False
6.4701 	EXP 	window1: recordFrameIntervals = True
6.6535 	EXP 	window1: recordFrameIntervals = False
6.9635 	EXP 	Created text = TextStim(__class__=<class 'psychopy.visual.text.TextStim'>, alignHoriz='center', alignVert='center', antialias=True, autoLog=True, bold=False, color='white', colorSpace='named', contrast=1.0, depth=0.0, flipHoriz=False, flipVert=False, font='Arial', fontFiles=[], height=0.05, italic=False, languageStyle='LTR', name='text', opacity=1.0, ori=0, pos=array([0., 0.]), rgb=array([255., 255., 255.]), text=str(...), units='height', win=Window(...), wrapWidth=1)
6.9775 	EXP 	Created cont_text = TextStim(__class__=<class 'psychopy.visual.text.TextStim'>, alignHoriz='center', alignVert='center', antialias=True, autoLog=True, bold=False, color='white', colorSpace='named', contrast=1.0, depth=-1.0, flipHoriz=False, flipVert=False, font='Arial', fontFiles=[], height=0.05, italic=False, languageStyle='LTR', name='cont_text', opacity=1.0, ori=0, pos=array([ 0. , -0.4]), rgb=array([255., 255., 255.]), text='Press SPACE to begin.', units='height', win=Window(...), wrapWidth=1)
6.9794 	EXP 	Created image = ImageStim(__class__=<class 'psychopy.visual.image.ImageStim'>, autoLog=True, color=array([1., 1., 1.]), colorSpace='rgb', contrast=1.0, depth=-1.0, flipHoriz=False, flipVert=False, image='sin', interpolate=True, mask=None, maskParams=None, name='image', opacity=1.0, ori=0.0, pos=array([0., 0.]), size=array([1., 1.]), texRes=128, units='height', win=Window(...))
6.9985 	EXP 	Created thx_text = TextStim(__class__=<class 'psychopy.visual.text.TextStim'>, alignHoriz='center', alignVert='center', antialias=True, autoLog=True, bold=False, color='white', colorSpace='named', contrast=1.0, depth=0.0, flipHoriz=False, flipVert=False, font='Arial', fontFiles=[], height=0.05, italic=False, languageStyle='LTR', name='thx_text', opacity=1.0, ori=0, pos=array([0., 0.]), rgb=array([255., 255., 255.]), text='Good work!\n\nYou have completed this task.', units='height', win=Window(...), wrapWidth=1)
7.0072 	EXP 	Created thx_cont = TextStim(__class__=<class 'psychopy.visual.text.TextStim'>, alignHoriz='center', alignVert='center', antialias=True, autoLog=True, bold=False, color='white', colorSpace='named', contrast=1.0, depth=-1.0, flipHoriz=False, flipVert=False, font='Arial', fontFiles=[], height=0.05, italic=False, languageStyle='LTR', name='thx_cont', opacity=1.0, ori=0, pos=array([ 0. , -0.4]), rgb=array([255., 255., 255.]), text='Press SPACE to continue.', units='height', win=Window(...), wrapWidth=1)
7.0536 	EXP 	text: autoDraw = True
7.0536 	EXP 	cont_text: autoDraw = True
8.3241 	DATA 	Keypress: space
8.3774 	EXP 	Imported RPM_items.xlsx as conditions, 60 conditions, 3 params
8.3777 	EXP 	Created sequence: sequential, trialTypes=60, nReps=1, seed=None
8.3779 	EXP 	New trial (rep=0, index=0): OrderedDict([('index', 0), ('image_file', 'C:\\Users\\Jordan\\Documents\\Experiment Building\\7. Raven_s Progressive Matrices\\JPG Images\\1.jpg'), ('correct', 4)])
8.4037 	EXP 	text: autoDraw = False
8.4037 	EXP 	cont_text: autoDraw = False
8.4037 	EXP 	image: image = 'C:\\Users\\Jordan\\Documents\\Experiment Building\\7. Raven_s Progressive Matrices\\JPG Images\\1.jpg'
8.4037 	EXP 	image: autoDraw = True
11.8241 	EXP 	New trial (rep=0, index=1): OrderedDict([('index', 1), ('image_file', 'C:\\Users\\Jordan\\Documents\\Experiment Building\\7. Raven_s Progressive Matrices\\JPG Images\\2.jpg'), ('correct', 5)])
11.8576 	DATA 	Keypress: 4
11.8700 	EXP 	image: autoDraw = False
11.8700 	EXP 	image: image = 'C:\\Users\\Jordan\\Documents\\Experiment Building\\7. Raven_s Progressive Matrices\\JPG Images\\2.jpg'
11.8700 	EXP 	image: autoDraw = True
12.9073 	EXP 	New trial (rep=0, index=2): OrderedDict([('index', 2), ('image_file', 'C:\\Users\\Jordan\\Documents\\Experiment Building\\7. Raven_s Progressive Matrices\\JPG Images\\3.jpg'), ('correct', 1)])
12.9379 	DATA 	Keypress: 5
12.9536 	EXP 	image: autoDraw = False
12.9536 	EXP 	image: image = 'C:\\Users\\Jordan\\Documents\\Experiment Building\\7. Raven_s Progressive Matrices\\JPG Images\\3.jpg'
12.9536 	EXP 	image: autoDraw = True
14.8246 	EXP 	New trial (rep=0, index=3): OrderedDict([('index', 3), ('image_file', 'C:\\Users\\Jordan\\Documents\\Experiment Building\\7. Raven_s Progressive Matrices\\JPG Images\\4.jpg'), ('correct', 2)])
14.8589 	DATA 	Keypress: 1
14.8700 	EXP 	image: autoDraw = False
14.8700 	EXP 	image: image = 'C:\\Users\\Jordan\\Documents\\Experiment Building\\7. Raven_s Progressive Matrices\\JPG Images\\4.jpg'
14.8700 	EXP 	image: autoDraw = True
17.7241 	EXP 	New trial (rep=0, index=4): OrderedDict([('index', 4), ('image_file', 'C:\\Users\\Jordan\\Documents\\Experiment Building\\7. Raven_s Progressive Matrices\\JPG Images\\5.jpg'), ('correct', 6)])
17.7613 	DATA 	Keypress: 2
17.7702 	EXP 	image: autoDraw = False
17.7702 	EXP 	image: image = 'C:\\Users\\Jordan\\Documents\\Experiment Building\\7. Raven_s Progressive Matrices\\JPG Images\\5.jpg'
17.7702 	EXP 	image: autoDraw = True
19.7404 	EXP 	New trial (rep=0, index=5): OrderedDict([('index', 5), ('image_file', 'C:\\Users\\Jordan\\Documents\\Experiment Building\\7. Raven_s Progressive Matrices\\JPG Images\\6.jpg'), ('correct', 3)])
19.8093 	EXP 	window1: mouseVisible = True
